[0m19:07:42.055912 [debug] [MainThread]: Sending event: {'category': 'dbt', 'action': 'invocation', 'label': 'start', 'context': [<snowplow_tracker.self_describing_json.SelfDescribingJson object at 0x1084e5550>, <snowplow_tracker.self_describing_json.SelfDescribingJson object at 0x1096bfed0>, <snowplow_tracker.self_describing_json.SelfDescribingJson object at 0x1096bf9d0>]}


============================== 19:07:42.074285 | dfe95312-749c-4678-a8b5-852019ed5e28 ==============================
[0m19:07:42.074285 [info ] [MainThread]: Running with dbt=1.11.12
[0m19:07:42.074552 [debug] [MainThread]: running dbt with arguments {'use_experimental_parser': 'False', 'partial_parse': 'True', 'use_colors': 'True', 'static_parser': 'True', 'indirect_selection': 'eager', 'debug': 'False', 'log_cache_events': 'False', 'cache_selected_only': 'False', 'target_path': 'None', 'write_json': 'True', 'profiles_dir': '/Users/rahulsureshchavan/.dbt', 'invocation_command': 'dbt init my_first_dbt_project', 'warn_error': 'None', 'log_format': 'default', 'empty': 'None', 'version_check': 'True', 'send_anonymous_usage_stats': 'True', 'quiet': 'False', 'no_print': 'None', 'printer_width': '80', 'log_path': 'logs', 'fail_fast': 'False', 'warn_error_options': 'WarnErrorOptionsV2(error=[], warn=[], silence=[])', 'introspect': 'True'}
[0m19:07:42.108891 [debug] [MainThread]: Starter project path: /Users/rahulsureshchavan/Library/Mobile Documents/com~apple~CloudDocs/Data Analytics - dbt/my_dbt_project/.venv/lib/python3.13/site-packages/dbt/include/starter_project
[0m19:07:42.112999 [info ] [MainThread]: 
Your new dbt project "my_first_dbt_project" was created!

For more information on how to configure the profiles.yml file,
please consult the dbt documentation here:

  https://docs.getdbt.com/docs/configure-your-profile

One more thing:

Need help? Don't hesitate to reach out to us via GitHub issues or on Slack:

  https://community.getdbt.com/

Happy modeling!

[0m19:07:42.113157 [info ] [MainThread]: Setting up your profile.
[0m19:08:17.611577 [debug] [MainThread]: Spark adapter: Setting pyhive.hive logging to ERROR
[0m19:08:17.611798 [debug] [MainThread]: Spark adapter: Setting thrift.transport logging to ERROR
[0m19:08:17.611912 [debug] [MainThread]: Spark adapter: Setting thrift.protocol logging to ERROR
[0m19:11:01.145271 [info ] [MainThread]: Profile my_first_dbt_project written to /Users/rahulsureshchavan/.dbt/profiles.yml using target's profile_template.yml and your supplied values. Run 'dbt debug' to validate the connection.
[0m19:11:01.147864 [debug] [MainThread]: Resource report: {"command_name": "init", "command_success": true, "command_wall_clock_time": 199.12447, "process_in_blocks": "0", "process_kernel_time": 0.841286, "process_mem_max_rss": "337068032", "process_out_blocks": "0", "process_user_time": 3.422949}
[0m19:11:01.150086 [debug] [MainThread]: Command `dbt init` succeeded at 19:11:01.149826 after 199.13 seconds
[0m19:11:01.150832 [debug] [MainThread]: Sending event: {'category': 'dbt', 'action': 'invocation', 'label': 'end', 'context': [<snowplow_tracker.self_describing_json.SelfDescribingJson object at 0x10c118510>, <snowplow_tracker.self_describing_json.SelfDescribingJson object at 0x10c1268d0>, <snowplow_tracker.self_describing_json.SelfDescribingJson object at 0x111aca580>]}
[0m19:11:01.151771 [debug] [MainThread]: Flushing usage events
[0m19:11:04.911137 [debug] [MainThread]: An error was encountered while trying to flush usage events
[0m19:11:14.518337 [debug] [MainThread]: Sending event: {'category': 'dbt', 'action': 'invocation', 'label': 'start', 'context': [<snowplow_tracker.self_describing_json.SelfDescribingJson object at 0x108db9400>, <snowplow_tracker.self_describing_json.SelfDescribingJson object at 0x109f37750>, <snowplow_tracker.self_describing_json.SelfDescribingJson object at 0x109f37890>]}


============================== 19:11:14.521328 | 9f983327-c4e9-44f1-834f-34c115fccc8c ==============================
[0m19:11:14.521328 [info ] [MainThread]: Running with dbt=1.11.12
[0m19:11:14.521577 [debug] [MainThread]: running dbt with arguments {'introspect': 'True', 'warn_error': 'None', 'send_anonymous_usage_stats': 'True', 'use_colors': 'True', 'use_experimental_parser': 'False', 'partial_parse': 'True', 'quiet': 'False', 'log_path': 'logs', 'warn_error_options': 'WarnErrorOptionsV2(error=[], warn=[], silence=[])', 'static_parser': 'True', 'invocation_command': 'dbt debug', 'profiles_dir': '/Users/rahulsureshchavan/.dbt', 'indirect_selection': 'eager', 'target_path': 'None', 'printer_width': '80', 'empty': 'None', 'no_print': 'None', 'debug': 'False', 'log_cache_events': 'False', 'fail_fast': 'False', 'write_json': 'True', 'cache_selected_only': 'False', 'log_format': 'default', 'version_check': 'True'}
[0m19:11:14.532705 [info ] [MainThread]: dbt version: 1.11.12
[0m19:11:14.532918 [info ] [MainThread]: python version: 3.13.5
[0m19:11:14.533032 [info ] [MainThread]: python path: /Users/rahulsureshchavan/Library/Mobile Documents/com~apple~CloudDocs/Data Analytics - dbt/my_dbt_project/.venv/bin/python3
[0m19:11:14.533137 [info ] [MainThread]: os info: macOS-26.5.2-arm64-arm-64bit-Mach-O
[0m19:11:15.047942 [debug] [MainThread]: Spark adapter: Setting pyhive.hive logging to ERROR
[0m19:11:15.048153 [debug] [MainThread]: Spark adapter: Setting thrift.transport logging to ERROR
[0m19:11:15.048267 [debug] [MainThread]: Spark adapter: Setting thrift.protocol logging to ERROR
[0m19:11:15.936698 [info ] [MainThread]: Using profiles dir at /Users/rahulsureshchavan/.dbt
[0m19:11:15.936933 [info ] [MainThread]: Using profiles.yml file at /Users/rahulsureshchavan/.dbt/profiles.yml
[0m19:11:15.937067 [info ] [MainThread]: Using dbt_project.yml file at /Users/rahulsureshchavan/Library/Mobile Documents/com~apple~CloudDocs/Data Analytics - dbt/my_dbt_project/dbt_project.yml
[0m19:11:15.937185 [info ] [MainThread]: adapter type: databricks
[0m19:11:15.937300 [info ] [MainThread]: adapter version: 1.12.2
[0m19:11:15.937424 [info ] [MainThread]: Configuration:
[0m19:11:15.937520 [info ] [MainThread]:   profiles.yml file [[32mOK found and valid[0m]
[0m19:11:15.937619 [info ] [MainThread]:   dbt_project.yml file [[31mERROR not found[0m]
[0m19:11:15.937710 [info ] [MainThread]: Required dependencies:
[0m19:11:15.937860 [debug] [MainThread]: Executing "git --help"
[0m19:11:15.946842 [debug] [MainThread]: STDOUT: "b"usage: git [-v | --version] [-h | --help] [-C <path>] [-c <name>=<value>]\n           [--exec-path[=<path>]] [--html-path] [--man-path] [--info-path]\n           [-p | --paginate | -P | --no-pager] [--no-replace-objects] [--no-lazy-fetch]\n           [--no-optional-locks] [--no-advice] [--bare] [--git-dir=<path>]\n           [--work-tree=<path>] [--namespace=<name>] [--config-env=<name>=<envvar>]\n           <command> [<args>]\n\nThese are common Git commands used in various situations:\n\nstart a working area (see also: git help tutorial)\n   clone      Clone a repository into a new directory\n   init       Create an empty Git repository or reinitialize an existing one\n\nwork on the current change (see also: git help everyday)\n   add        Add file contents to the index\n   mv         Move or rename a file, a directory, or a symlink\n   restore    Restore working tree files\n   rm         Remove files from the working tree and from the index\n\nexamine the history and state (see also: git help revisions)\n   bisect     Use binary search to find the commit that introduced a bug\n   diff       Show changes between commits, commit and working tree, etc\n   grep       Print lines matching a pattern\n   log        Show commit logs\n   show       Show various types of objects\n   status     Show the working tree status\n\ngrow, mark and tweak your common history\n   backfill   Download missing objects in a partial clone\n   branch     List, create, or delete branches\n   commit     Record changes to the repository\n   history    EXPERIMENTAL: Rewrite history\n   merge      Join two or more development histories together\n   rebase     Reapply commits on top of another base tip\n   reset      Set `HEAD` or the index to a known state\n   switch     Switch branches\n   tag        Create, list, delete or verify tags\n\ncollaborate (see also: git help workflows)\n   fetch      Download objects and refs from another repository\n   pull       Fetch from and integrate with another repository or a local branch\n   push       Update remote refs along with associated objects\n\n'git help -a' and 'git help -g' list available subcommands and some\nconcept guides. See 'git help <command>' or 'git help <concept>'\nto read about a specific subcommand or concept.\nSee 'git help git' for an overview of the system.\n""
[0m19:11:15.947283 [debug] [MainThread]: STDERR: "b''"
[0m19:11:15.947450 [info ] [MainThread]:  - git [[32mOK found[0m]

[0m19:11:15.947585 [info ] [MainThread]: Connection:
[0m19:11:15.947736 [info ] [MainThread]:   host: dbc-9b1c300d-add5.cloud.databricks.com
[0m19:11:15.947843 [info ] [MainThread]:   http_path: /sql/1.0/warehouses/fd6c05abe9f8df41
[0m19:11:15.947943 [info ] [MainThread]:   catalog: my_first_dbt_dev
[0m19:11:15.948045 [info ] [MainThread]:   schema: default
[0m19:11:15.948336 [info ] [MainThread]: Registered adapter: databricks=1.12.2
[0m19:11:16.019875 [debug] [MainThread]: Databricks adapter: DatabricksDBTConnection(session-id=None, name=debug) - Creating connection
[0m19:11:16.021078 [debug] [MainThread]: Acquiring new databricks connection 'debug'
[0m19:11:16.665614 [info ] [MainThread]: Databricks adapter:   SPOG host (host_type='workspace'): no
[0m19:11:16.666523 [info ] [MainThread]: Databricks adapter:   workspace_id (from ?o= in http_path): None
[0m19:11:16.667099 [info ] [MainThread]: Databricks adapter:   databricks-sql-connector version: 4.3.0 (supported)
[0m19:11:16.667544 [info ] [MainThread]: Databricks adapter:   databricks-sdk version: 0.117.0 (supported)
[0m19:11:16.668063 [debug] [MainThread]: Using databricks connection "debug"
[0m19:11:16.668487 [debug] [MainThread]: On debug: select 1 as id
[0m19:11:16.668842 [debug] [MainThread]: Opening a new connection, currently in state init
[0m19:11:18.841366 [debug] [MainThread]: Databricks adapter: Connection(session-id=01f17c82-5d69-1fbe-8ecc-3bf58eb51d6c) - Created
[0m19:11:31.153149 [debug] [MainThread]: SQL status: OK in 14.480 seconds
[0m19:11:31.155854 [debug] [MainThread]: Databricks adapter: Cursor(session-id=01f17c82-5d69-1fbe-8ecc-3bf58eb51d6c, command-id=01f17c82-5df7-1d93-9706-16056a66cd1e) - Closing
[0m19:11:33.405573 [debug] [MainThread]: On debug: Close
[0m19:11:33.406388 [debug] [MainThread]: Databricks adapter: Connection(session-id=01f17c82-5d69-1fbe-8ecc-3bf58eb51d6c) - Closing
[0m19:11:33.666279 [info ] [MainThread]:   Connection test: [[32mOK connection ok[0m]

[0m19:11:33.667484 [info ] [MainThread]: [31m1 check failed:[0m
[0m19:11:33.668270 [info ] [MainThread]: Project loading failed for the following reason:
 project path </Users/rahulsureshchavan/Library/Mobile Documents/com~apple~CloudDocs/Data Analytics - dbt/my_dbt_project/dbt_project.yml> not found

[0m19:11:33.669613 [debug] [MainThread]: Resource report: {"command_name": "debug", "command_success": false, "command_wall_clock_time": 19.18611, "process_in_blocks": "0", "process_kernel_time": 0.32564, "process_mem_max_rss": "247644160", "process_out_blocks": "0", "process_user_time": 1.375353}
[0m19:11:33.670497 [debug] [MainThread]: Command `dbt debug` failed at 19:11:33.670308 after 19.19 seconds
[0m19:11:33.671181 [debug] [MainThread]: Sending event: {'category': 'dbt', 'action': 'invocation', 'label': 'end', 'context': [<snowplow_tracker.self_describing_json.SelfDescribingJson object at 0x112049e00>, <snowplow_tracker.self_describing_json.SelfDescribingJson object at 0x11206f2f0>, <snowplow_tracker.self_describing_json.SelfDescribingJson object at 0x11216c160>]}
[0m19:11:33.671830 [debug] [MainThread]: Flushing usage events
[0m19:11:36.089386 [debug] [MainThread]: An error was encountered while trying to flush usage events
